PagerSlidingTabStrip/build/outputs/logs/manifest-merger-release-report.txt
-- Merging decision tree log ---
manifest
ADDED from TubelessX10\PagerSlidingTabStrip\AndroidManifest.xml:1:1-5:12
INJECTED from TubelessX10\PagerSlidingTabStrip\AndroidManifest.xml:1:1-5:12
INJECTED from TubelessX10\PagerSlidingTabStrip\AndroidManifest.xml:1:1-5:12
	package
		ADDED from TubelessX10\PagerSlidingTabStrip\AndroidManifest.xml:2:5-47
		INJECTED from TubelessX10\PagerSlidingTabStrip\AndroidManifest.xml
		INJECTED from TubelessX10\PagerSlidingTabStrip\AndroidManifest.xml
	xmlns:android
		ADDED from TubelessX10\PagerSlidingTabStrip\AndroidManifest.xml:1:11-69
application
ADDED from TubelessX10\PagerSlidingTabStrip\AndroidManifest.xml:4:5-20
uses-sdk
INJECTED from TubelessX10\PagerSlidingTabStrip\AndroidManifest.xml reason: use-sdk injection requested
INJECTED from TubelessX10\PagerSlidingTabStrip\AndroidManifest.xml
INJECTED from TubelessX10\PagerSlidingTabStrip\AndroidManifest.xml
INJECTED from TubelessX10\PagerSlidingTabStrip\AndroidManifest.xml
INJECTED from TubelessX10\PagerSlidingTabStrip\AndroidManifest.xml
	android:targetSdkVersion
		INJECTED from TubelessX10\PagerSlidingTabStrip\AndroidManifest.xml
		ADDED from TubelessX10\PagerSlidingTabStrip\AndroidManifest.xml
		INJECTED from TubelessX10\PagerSlidingTabStrip\AndroidManifest.xml
	android:minSdkVersion
		INJECTED from TubelessX10\PagerSlidingTabStrip\AndroidManifest.xml
		ADDED from TubelessX10\PagerSlidingTabStrip\AndroidManifest.xml
		INJECTED from TubelessX10\PagerSlidingTabStrip\AndroidManifest.xml